# JRE version: Java(TM) SE Runtime Environment (8.0_92-b14) (build 1.8.0_92-b14)
# Java VM: Java HotSpot(TM) 64-Bit Server VM (25.92-b14 mixed mode windows-amd64 compressed oops)
Heap:
 PSYoungGen      total 90112K, used 1606K [0x00000000eab00000, 0x00000000f3080000, 0x0000000100000000)
  eden space 82944K, 1% used [0x00000000eab00000,0x00000000eac91970,0x00000000efc00000)
  from space 7168K, 0% used [0x00000000efc00000,0x00000000efc00000,0x00000000f0300000)
  to   space 9728K, 0% used [0x00000000f2700000,0x00000000f2700000,0x00000000f3080000)
 ParOldGen       total 34304K, used 21402K [0x00000000c0000000, 0x00000000c2180000, 0x00000000eab00000)
  object space 34304K, 62% used [0x00000000c0000000,0x00000000c14e6a80,0x00000000c2180000)
 Metaspace       used 34767K, capacity 35376K, committed 35712K, reserved 1079296K
  class space    used 4726K, capacity 4896K, committed 4992K, reserved 1048576K
GC Heap History (10 events):
Event: 3.725 GC heap after
Heap after GC invocations=8 (full 1):
 PSYoungGen      total 39424K, used 0K [0x00000000eab00000, 0x00000000ef900000, 0x0000000100000000)
  eden space 32768K, 0% used [0x00000000eab00000,0x00000000eab00000,0x00000000ecb00000)
  from space 6656K, 0% used [0x00000000ecb00000,0x00000000ecb00000,0x00000000ed180000)
  to   space 7168K, 0% used [0x00000000ef200000,0x00000000ef200000,0x00000000ef900000)
 ParOldGen       total 34304K, used 11054K [0x00000000c0000000, 0x00000000c2180000, 0x00000000eab00000)
  object space 34304K, 32% used [0x00000000c0000000,0x00000000c0acbbb0,0x00000000c2180000)
 Metaspace       used 20869K, capacity 21212K, committed 21296K, reserved 1067008K
  class space    used 2809K, capacity 2914K, committed 2944K, reserved 1048576K
}
Event: 4.632 GC heap before
{Heap before GC invocations=9 (full 1):
 PSYoungGen      total 39424K, used 32768K [0x00000000eab00000, 0x00000000ef900000, 0x0000000100000000)
  eden space 32768K, 100% used [0x00000000eab00000,0x00000000ecb00000,0x00000000ecb00000)
  from space 6656K, 0% used [0x00000000ecb00000,0x00000000ecb00000,0x00000000ed180000)
  to   space 7168K, 0% used [0x00000000ef200000,0x00000000ef200000,0x00000000ef900000)
 ParOldGen       total 34304K, used 11054K [0x00000000c0000000, 0x00000000c2180000, 0x00000000eab00000)
  object space 34304K, 32% used [0x00000000c0000000,0x00000000c0acbbb0,0x00000000c2180000)
 Metaspace       used 23181K, capacity 23614K, committed 23936K, reserved 1069056K
  class space    used 3205K, capacity 3349K, committed 3456K, reserved 1048576K
Event: 4.643 GC heap after
Heap after GC invocations=9 (full 1):
 PSYoungGen      total 61952K, used 3622K [0x00000000eab00000, 0x00000000ef600000, 0x0000000100000000)
  eden space 57856K, 0% used [0x00000000eab00000,0x00000000eab00000,0x00000000ee380000)
  from space 4096K, 88% used [0x00000000ef200000,0x00000000ef589a58,0x00000000ef600000)
  to   space 6656K, 0% used [0x00000000ee900000,0x00000000ee900000,0x00000000eef80000)
 ParOldGen       total 34304K, used 11062K [0x00000000c0000000, 0x00000000c2180000, 0x00000000eab00000)
  object space 34304K, 32% used [0x00000000c0000000,0x00000000c0acdbb0,0x00000000c2180000)
 Metaspace       used 23181K, capacity 23614K, committed 23936K, reserved 1069056K
  class space    used 3205K, capacity 3349K, committed 3456K, reserved 1048576K
}
Event: 8.217 GC heap before
{Heap before GC invocations=10 (full 1):
 PSYoungGen      total 61952K, used 61478K [0x00000000eab00000, 0x00000000ef600000, 0x0000000100000000)
  eden space 57856K, 100% used [0x00000000eab00000,0x00000000ee380000,0x00000000ee380000)
  from space 4096K, 88% used [0x00000000ef200000,0x00000000ef589a58,0x00000000ef600000)
  to   space 6656K, 0% used [0x00000000ee900000,0x00000000ee900000,0x00000000eef80000)
 ParOldGen       total 34304K, used 11062K [0x00000000c0000000, 0x00000000c2180000, 0x00000000eab00000)
  object space 34304K, 32% used [0x00000000c0000000,0x00000000c0acdbb0,0x00000000c2180000)
 Metaspace       used 26855K, capacity 27344K, committed 27392K, reserved 1073152K
  class space    used 3643K, capacity 3800K, committed 3840K, reserved 1048576K
Event: 8.299 GC heap after
Heap after GC invocations=10 (full 1):
 PSYoungGen      total 70144K, used 5117K [0x00000000eab00000, 0x00000000f0980000, 0x0000000100000000)
  eden space 63488K, 0% used [0x00000000eab00000,0x00000000eab00000,0x00000000ee900000)
  from space 6656K, 76% used [0x00000000ee900000,0x00000000eedff5d8,0x00000000eef80000)
  to   space 6656K, 0% used [0x00000000f0300000,0x00000000f0300000,0x00000000f0980000)
 ParOldGen       total 34304K, used 11070K [0x00000000c0000000, 0x00000000c2180000, 0x00000000eab00000)
  object space 34304K, 32% used [0x00000000c0000000,0x00000000c0acfbb0,0x00000000c2180000)
 Metaspace       used 26855K, capacity 27344K, committed 27392K, reserved 1073152K
  class space    used 3643K, capacity 3800K, committed 3840K, reserved 1048576K
}
Event: 12.766 GC heap before
{Heap before GC invocations=11 (full 1):
 PSYoungGen      total 70144K, used 68605K [0x00000000eab00000, 0x00000000f0980000, 0x0000000100000000)
  eden space 63488K, 100% used [0x00000000eab00000,0x00000000ee900000,0x00000000ee900000)
  from space 6656K, 76% used [0x00000000ee900000,0x00000000eedff5d8,0x00000000eef80000)
  to   space 6656K, 0% used [0x00000000f0300000,0x00000000f0300000,0x00000000f0980000)
 ParOldGen       total 34304K, used 11070K [0x00000000c0000000, 0x00000000c2180000, 0x00000000eab00000)
  object space 34304K, 32% used [0x00000000c0000000,0x00000000c0acfbb0,0x00000000c2180000)
 Metaspace       used 30273K, capacity 30792K, committed 30848K, reserved 1075200K
  class space    used 4087K, capacity 4208K, committed 4224K, reserved 1048576K
Event: 12.779 GC heap after
Heap after GC invocations=11 (full 1):
 PSYoungGen      total 89600K, used 5979K [0x00000000eab00000, 0x00000000f1080000, 0x0000000100000000)
  eden space 82944K, 0% used [0x00000000eab00000,0x00000000eab00000,0x00000000efc00000)
  from space 6656K, 89% used [0x00000000f0300000,0x00000000f08d6fd0,0x00000000f0980000)
  to   space 7168K, 0% used [0x00000000efc00000,0x00000000efc00000,0x00000000f0300000)
 ParOldGen       total 34304K, used 12694K [0x00000000c0000000, 0x00000000c2180000, 0x00000000eab00000)
  object space 34304K, 37% used [0x00000000c0000000,0x00000000c0c65bd0,0x00000000c2180000)
 Metaspace       used 30273K, capacity 30792K, committed 30848K, reserved 1075200K
  class space    used 4087K, capacity 4208K, committed 4224K, reserved 1048576K
}
Event: 13.907 GC heap before
{Heap before GC invocations=12 (full 1):
 PSYoungGen      total 89600K, used 83143K [0x00000000eab00000, 0x00000000f1080000, 0x0000000100000000)
  eden space 82944K, 93% used [0x00000000eab00000,0x00000000ef65af18,0x00000000efc00000)
  from space 6656K, 89% used [0x00000000f0300000,0x00000000f08d6fd0,0x00000000f0980000)
  to   space 7168K, 0% used [0x00000000efc00000,0x00000000efc00000,0x00000000f0300000)
 ParOldGen       total 34304K, used 12694K [0x00000000c0000000, 0x00000000c2180000, 0x00000000eab00000)
  object space 34304K, 37% used [0x00000000c0000000,0x00000000c0c65bd0,0x00000000c2180000)
 Metaspace       used 34709K, capacity 35312K, committed 35456K, reserved 1079296K
  class space    used 4717K, capacity 4896K, committed 4992K, reserved 1048576K
Event: 13.939 GC heap after
Heap after GC invocations=12 (full 1):
 PSYoungGen      total 90112K, used 7145K [0x00000000eab00000, 0x00000000f3080000, 0x0000000100000000)
  eden space 82944K, 0% used [0x00000000eab00000,0x00000000eab00000,0x00000000efc00000)
  from space 7168K, 99% used [0x00000000efc00000,0x00000000f02fa6d0,0x00000000f0300000)
  to   space 9728K, 0% used [0x00000000f2700000,0x00000000f2700000,0x00000000f3080000)
 ParOldGen       total 34304K, used 17749K [0x00000000c0000000, 0x00000000c2180000, 0x00000000eab00000)
  object space 34304K, 51% used [0x00000000c0000000,0x00000000c1155658,0x00000000c2180000)
 Metaspace       used 34709K, capacity 35312K, committed 35456K, reserved 1079296K
  class space    used 4717K, capacity 4896K, committed 4992K, reserved 1048576K
}
Event: 13.939 GC heap before
{Heap before GC invocations=13 (full 2):
 PSYoungGen      total 90112K, used 7145K [0x00000000eab00000, 0x00000000f3080000, 0x0000000100000000)
  eden space 82944K, 0% used [0x00000000eab00000,0x00000000eab00000,0x00000000efc00000)
  from space 7168K, 99% used [0x00000000efc00000,0x00000000f02fa6d0,0x00000000f0300000)
  to   space 9728K, 0% used [0x00000000f2700000,0x00000000f2700000,0x00000000f3080000)
 ParOldGen       total 34304K, used 17749K [0x00000000c0000000, 0x00000000c2180000, 0x00000000eab00000)
  object space 34304K, 51% used [0x00000000c0000000,0x00000000c1155658,0x00000000c2180000)
 Metaspace       used 34709K, capacity 35312K, committed 35456K, reserved 1079296K
  class space    used 4717K, capacity 4896K, committed 4992K, reserved 1048576K

