# JRE version: Java(TM) SE Runtime Environment (8.0_92-b14) (build 1.8.0_92-b14)
# Java VM: Java HotSpot(TM) 64-Bit Server VM (25.92-b14 mixed mode windows-amd64 compressed oops)
Heap:
 PSYoungGen      total 138240K, used 65716K [0x00000000eab00000, 0x00000000f4080000, 0x0000000100000000)
  eden space 128512K, 43% used [0x00000000eab00000,0x00000000ee1ff7c0,0x00000000f2880000)
  from space 9728K, 96% used [0x00000000f3700000,0x00000000f402d958,0x00000000f4080000)
  to   space 12288K, 0% used [0x00000000f2880000,0x00000000f2880000,0x00000000f3480000)
 ParOldGen       total 64000K, used 29495K [0x00000000c0000000, 0x00000000c3e80000, 0x00000000eab00000)
  object space 64000K, 46% used [0x00000000c0000000,0x00000000c1ccdeb8,0x00000000c3e80000)
 Metaspace       used 45380K, capacity 46270K, committed 46592K, reserved 1089536K
  class space    used 6299K, capacity 6547K, committed 6656K, reserved 1048576K
GC Heap History (10 events):
Event: 5.163 GC heap before
{Heap before GC invocations=12 (full 1):
 PSYoungGen      total 79360K, used 78125K [0x00000000eab00000, 0x00000000f0a00000, 0x0000000100000000)
  eden space 72192K, 100% used [0x00000000eab00000,0x00000000ef180000,0x00000000ef180000)
  from space 7168K, 82% used [0x00000000ef880000,0x00000000efe4b7f0,0x00000000eff80000)
  to   space 7168K, 0% used [0x00000000ef180000,0x00000000ef180000,0x00000000ef880000)
 ParOldGen       total 38400K, used 11182K [0x00000000c0000000, 0x00000000c2580000, 0x00000000eab00000)
  object space 38400K, 29% used [0x00000000c0000000,0x00000000c0aeb990,0x00000000c2580000)
 Metaspace       used 33247K, capacity 33936K, committed 34176K, reserved 1079296K
  class space    used 4475K, capacity 4672K, committed 4736K, reserved 1048576K
Event: 5.176 GC heap after
Heap after GC invocations=12 (full 1):
 PSYoungGen      total 79360K, used 7138K [0x00000000eab00000, 0x00000000f1980000, 0x0000000100000000)
  eden space 72192K, 0% used [0x00000000eab00000,0x00000000eab00000,0x00000000ef180000)
  from space 7168K, 99% used [0x00000000ef180000,0x00000000ef878a88,0x00000000ef880000)
  to   space 9216K, 0% used [0x00000000f1080000,0x00000000f1080000,0x00000000f1980000)
 ParOldGen       total 38400K, used 14918K [0x00000000c0000000, 0x00000000c2580000, 0x00000000eab00000)
  object space 38400K, 38% used [0x00000000c0000000,0x00000000c0e91b10,0x00000000c2580000)
 Metaspace       used 33247K, capacity 33936K, committed 34176K, reserved 1079296K
  class space    used 4475K, capacity 4672K, committed 4736K, reserved 1048576K
}
Event: 5.296 GC heap before
{Heap before GC invocations=13 (full 1):
 PSYoungGen      total 79360K, used 19855K [0x00000000eab00000, 0x00000000f1980000, 0x0000000100000000)
  eden space 72192K, 17% used [0x00000000eab00000,0x00000000eb76b388,0x00000000ef180000)
  from space 7168K, 99% used [0x00000000ef180000,0x00000000ef878a88,0x00000000ef880000)
  to   space 9216K, 0% used [0x00000000f1080000,0x00000000f1080000,0x00000000f1980000)
 ParOldGen       total 38400K, used 14918K [0x00000000c0000000, 0x00000000c2580000, 0x00000000eab00000)
  object space 38400K, 38% used [0x00000000c0000000,0x00000000c0e91b10,0x00000000c2580000)
 Metaspace       used 34608K, capacity 35248K, committed 35456K, reserved 1079296K
  class space    used 4699K, capacity 4896K, committed 4992K, reserved 1048576K
Event: 5.307 GC heap after
Heap after GC invocations=13 (full 1):
 PSYoungGen      total 103424K, used 1323K [0x00000000eab00000, 0x00000000f1f00000, 0x0000000100000000)
  eden space 94208K, 0% used [0x00000000eab00000,0x00000000eab00000,0x00000000f0700000)
  from space 9216K, 14% used [0x00000000f1080000,0x00000000f11caf10,0x00000000f1980000)
  to   space 9728K, 0% used [0x00000000f0700000,0x00000000f0700000,0x00000000f1080000)
 ParOldGen       total 38400K, used 22102K [0x00000000c0000000, 0x00000000c2580000, 0x00000000eab00000)
  object space 38400K, 57% used [0x00000000c0000000,0x00000000c15958f0,0x00000000c2580000)
 Metaspace       used 34608K, capacity 35248K, committed 35456K, reserved 1079296K
  class space    used 4699K, capacity 4896K, committed 4992K, reserved 1048576K
}
Event: 5.307 GC heap before
{Heap before GC invocations=14 (full 2):
 PSYoungGen      total 103424K, used 1323K [0x00000000eab00000, 0x00000000f1f00000, 0x0000000100000000)
  eden space 94208K, 0% used [0x00000000eab00000,0x00000000eab00000,0x00000000f0700000)
  from space 9216K, 14% used [0x00000000f1080000,0x00000000f11caf10,0x00000000f1980000)
  to   space 9728K, 0% used [0x00000000f0700000,0x00000000f0700000,0x00000000f1080000)
 ParOldGen       total 38400K, used 22102K [0x00000000c0000000, 0x00000000c2580000, 0x00000000eab00000)
  object space 38400K, 57% used [0x00000000c0000000,0x00000000c15958f0,0x00000000c2580000)
 Metaspace       used 34608K, capacity 35248K, committed 35456K, reserved 1079296K
  class space    used 4699K, capacity 4896K, committed 4992K, reserved 1048576K
Event: 5.395 GC heap after
Heap after GC invocations=14 (full 2):
 PSYoungGen      total 103424K, used 0K [0x00000000eab00000, 0x00000000f1f00000, 0x0000000100000000)
  eden space 94208K, 0% used [0x00000000eab00000,0x00000000eab00000,0x00000000f0700000)
  from space 9216K, 0% used [0x00000000f1080000,0x00000000f1080000,0x00000000f1980000)
  to   space 9728K, 0% used [0x00000000f0700000,0x00000000f0700000,0x00000000f1080000)
 ParOldGen       total 64000K, used 21467K [0x00000000c0000000, 0x00000000c3e80000, 0x00000000eab00000)
  object space 64000K, 33% used [0x00000000c0000000,0x00000000c14f6ed8,0x00000000c3e80000)
 Metaspace       used 34608K, capacity 35248K, committed 35456K, reserved 1079296K
  class space    used 4699K, capacity 4896K, committed 4992K, reserved 1048576K
}
Event: 6.539 GC heap before
{Heap before GC invocations=15 (full 2):
 PSYoungGen      total 103424K, used 94208K [0x00000000eab00000, 0x00000000f1f00000, 0x0000000100000000)
  eden space 94208K, 100% used [0x00000000eab00000,0x00000000f0700000,0x00000000f0700000)
  from space 9216K, 0% used [0x00000000f1080000,0x00000000f1080000,0x00000000f1980000)
  to   space 9728K, 0% used [0x00000000f0700000,0x00000000f0700000,0x00000000f1080000)
 ParOldGen       total 64000K, used 21467K [0x00000000c0000000, 0x00000000c3e80000, 0x00000000eab00000)
  object space 64000K, 33% used [0x00000000c0000000,0x00000000c14f6ed8,0x00000000c3e80000)
 Metaspace       used 40876K, capacity 41602K, committed 41728K, reserved 1085440K
  class space    used 5620K, capacity 5825K, committed 5888K, reserved 1048576K
Event: 6.667 GC heap after
Heap after GC invocations=15 (full 2):
 PSYoungGen      total 103936K, used 9699K [0x00000000eab00000, 0x00000000f4200000, 0x0000000100000000)
  eden space 94208K, 0% used [0x00000000eab00000,0x00000000eab00000,0x00000000f0700000)
  from space 9728K, 99% used [0x00000000f0700000,0x00000000f1078f10,0x00000000f1080000)
  to   space 11264K, 0% used [0x00000000f3700000,0x00000000f3700000,0x00000000f4200000)
 ParOldGen       total 64000K, used 22107K [0x00000000c0000000, 0x00000000c3e80000, 0x00000000eab00000)
  object space 64000K, 34% used [0x00000000c0000000,0x00000000c1596c68,0x00000000c3e80000)
 Metaspace       used 40876K, capacity 41602K, committed 41728K, reserved 1085440K
  class space    used 5620K, capacity 5825K, committed 5888K, reserved 1048576K
}
Event: 10.143 GC heap before
{Heap before GC invocations=16 (full 2):
 PSYoungGen      total 103936K, used 103907K [0x00000000eab00000, 0x00000000f4200000, 0x0000000100000000)
  eden space 94208K, 100% used [0x00000000eab00000,0x00000000f0700000,0x00000000f0700000)
  from space 9728K, 99% used [0x00000000f0700000,0x00000000f1078f10,0x00000000f1080000)
  to   space 11264K, 0% used [0x00000000f3700000,0x00000000f3700000,0x00000000f4200000)
 ParOldGen       total 64000K, used 22107K [0x00000000c0000000, 0x00000000c3e80000, 0x00000000eab00000)
  object space 64000K, 34% used [0x00000000c0000000,0x00000000c1596c68,0x00000000c3e80000)
 Metaspace       used 44819K, capacity 45780K, committed 45952K, reserved 1089536K
  class space    used 6203K, capacity 6476K, committed 6528K, reserved 1048576K
Event: 10.160 GC heap after
Heap after GC invocations=16 (full 2):
 PSYoungGen      total 138240K, used 9398K [0x00000000eab00000, 0x00000000f4080000, 0x0000000100000000)
  eden space 128512K, 0% used [0x00000000eab00000,0x00000000eab00000,0x00000000f2880000)
  from space 9728K, 96% used [0x00000000f3700000,0x00000000f402d958,0x00000000f4080000)
  to   space 12288K, 0% used [0x00000000f2880000,0x00000000f2880000,0x00000000f3480000)
 ParOldGen       total 64000K, used 29495K [0x00000000c0000000, 0x00000000c3e80000, 0x00000000eab00000)
  object space 64000K, 46% used [0x00000000c0000000,0x00000000c1ccdeb8,0x00000000c3e80000)
 Metaspace       used 44819K, capacity 45780K, committed 45952K, reserved 1089536K
  class space    used 6203K, capacity 6476K, committed 6528K, reserved 1048576K
}

